<?xml version="1.0" encoding="UTF-8"?>
<!-- Generated by org.testng.reporters.JUnitReportReporter -->
<testsuite hostname="patapl-77BSQ72" name="testphp.phpproject.AboutLink" tests="1" failures="0" timestamp="8 Jul 2019 22:45:53 GMT" time="16.621" errors="0">
  <testcase name="ClickAboutUs" time="16.621" classname="testphp.phpproject.AboutLink"/>
</testsuite> <!-- testphp.phpproject.AboutLink -->
